<?xml version="1.0" encoding="utf-8"?><testsuites name="pytest tests"><testsuite name="pytest" errors="0" failures="0" skipped="0" tests="4" time="0.969" timestamp="2026-09-15T22:49:32.838733+00:00" hostname="agent-env-f3abafed-a213-4409-8720-855a31e37a66"><testcase classname="backend.tests.test_krunchmate_api.TestHealth" name="test_health_ok" time="0.618" /><testcase classname="backend.tests.test_krunchmate_api.TestSubscribe" name="test_subscribe_valid_email" time="0.089" /><testcase classname="backend.tests.test_krunchmate_api.TestSubscribe" name="test_subscribe_invalid_email" time="0.079" /><testcase classname="backend.tests.test_krunchmate_api.TestSubscribe" name="test_subscribe_missing_body" time="0.083" /></testsuite></testsuites>